ERROR - 2022-07-06 08:22:36 --> Error connecting to the database: Unknown database 'users'
CRITICAL - 2022-07-06 08:22:36 --> Unable to connect to the database.
Main connection [MySQLi]: Unknown database 'users'
in SYSTEMPATH\Database\BaseConnection.php on line 416.
 1 SYSTEMPATH\Database\BaseConnection.php(586): CodeIgniter\Database\BaseConnection->initialize()
 2 SYSTEMPATH\Database\BaseBuilder.php(1585): CodeIgniter\Database\BaseConnection->query('SELECT *
FROM `users`
ORDER BY `id` DESC', [], false)
 3 SYSTEMPATH\Model.php(222): CodeIgniter\Database\BaseBuilder->get()
 4 SYSTEMPATH\BaseModel.php(584): CodeIgniter\Model->doFindAll(0, 0)
 5 APPPATH\Controllers\UserCrud.php(10): CodeIgniter\BaseModel->findAll()
 6 SYSTEMPATH\CodeIgniter.php(896): App\Controllers\UserCrud->index()
 7 SYSTEMPATH\CodeIgniter.php(466): CodeIgniter\CodeIgniter->runController(Object(App\Controllers\UserCrud))
 8 SYSTEMPATH\CodeIgniter.php(349): CodeIgniter\CodeIgniter->handleRequest(null, Object(Config\Cache), false)
 9 FCPATH\index.php(55): CodeIgniter\CodeIgniter->run()
CRITICAL - 2022-07-06 08:28:12 --> Invalid file: edit_user.php
in SYSTEMPATH\Exceptions\FrameworkException.php on line 33.
 1 SYSTEMPATH\View\View.php(201): CodeIgniter\Exceptions\FrameworkException::forInvalidFile('edit_user.php')
 2 SYSTEMPATH\Common.php(1135): CodeIgniter\View\View->render('edit_user', [], true)
 3 APPPATH\Controllers\UserCrud.php(33): view('edit_user', [...])
 4 SYSTEMPATH\CodeIgniter.php(896): App\Controllers\UserCrud->singleUser('1')
 5 SYSTEMPATH\CodeIgniter.php(466): CodeIgniter\CodeIgniter->runController(Object(App\Controllers\UserCrud))
 6 SYSTEMPATH\CodeIgniter.php(349): CodeIgniter\CodeIgniter->handleRequest(null, Object(Config\Cache), false)
 7 FCPATH\index.php(55): CodeIgniter\CodeIgniter->run()
ERROR - 2022-07-06 08:49:07 --> Column 'alamat' cannot be null
CRITICAL - 2022-07-06 08:49:07 --> Column 'alamat' cannot be null
in SYSTEMPATH\Database\MySQLi\Connection.php on line 292.
 1 SYSTEMPATH\Database\MySQLi\Connection.php(292): mysqli->query('INSERT INTO `users` (`nama`, `alamat`, `keluhan`) VALUES (\'handono\', NULL, \'mencret\')', 0)
 2 SYSTEMPATH\Database\BaseConnection.php(695): CodeIgniter\Database\MySQLi\Connection->execute('INSERT INTO `users` (`nama`, `alamat`, `keluhan`) VALUES (\'handono\', NULL, \'mencret\')')
 3 SYSTEMPATH\Database\BaseConnection.php(609): CodeIgniter\Database\BaseConnection->simpleQuery('INSERT INTO `users` (`nama`, `alamat`, `keluhan`) VALUES (\'handono\', NULL, \'mencret\')')
 4 SYSTEMPATH\Database\BaseBuilder.php(1904): CodeIgniter\Database\BaseConnection->query('INSERT INTO `users` (`nama`, `alamat`, `keluhan`) VALUES (:nama:, :alamat:, :keluhan:)', [...], false)
 5 SYSTEMPATH\Model.php(278): CodeIgniter\Database\BaseBuilder->insert()
 6 SYSTEMPATH\BaseModel.php(738): CodeIgniter\Model->doInsert([...])
 7 SYSTEMPATH\Model.php(666): CodeIgniter\BaseModel->insert([...], true)
 8 APPPATH\Controllers\UserCrud.php(26): CodeIgniter\Model->insert([...])
 9 SYSTEMPATH\CodeIgniter.php(896): App\Controllers\UserCrud->store()
10 SYSTEMPATH\CodeIgniter.php(466): CodeIgniter\CodeIgniter->runController(Object(App\Controllers\UserCrud))
11 SYSTEMPATH\CodeIgniter.php(349): CodeIgniter\CodeIgniter->handleRequest(null, Object(Config\Cache), false)
12 FCPATH\index.php(55): CodeIgniter\CodeIgniter->run()
ERROR - 2022-07-06 08:49:37 --> Column 'alamat' cannot be null
CRITICAL - 2022-07-06 08:49:37 --> Column 'alamat' cannot be null
in SYSTEMPATH\Database\MySQLi\Connection.php on line 292.
 1 SYSTEMPATH\Database\MySQLi\Connection.php(292): mysqli->query('INSERT INTO `users` (`nama`, `alamat`, `keluhan`) VALUES (\'handono\', NULL, \'mencret\')', 0)
 2 SYSTEMPATH\Database\BaseConnection.php(695): CodeIgniter\Database\MySQLi\Connection->execute('INSERT INTO `users` (`nama`, `alamat`, `keluhan`) VALUES (\'handono\', NULL, \'mencret\')')
 3 SYSTEMPATH\Database\BaseConnection.php(609): CodeIgniter\Database\BaseConnection->simpleQuery('INSERT INTO `users` (`nama`, `alamat`, `keluhan`) VALUES (\'handono\', NULL, \'mencret\')')
 4 SYSTEMPATH\Database\BaseBuilder.php(1904): CodeIgniter\Database\BaseConnection->query('INSERT INTO `users` (`nama`, `alamat`, `keluhan`) VALUES (:nama:, :alamat:, :keluhan:)', [...], false)
 5 SYSTEMPATH\Model.php(278): CodeIgniter\Database\BaseBuilder->insert()
 6 SYSTEMPATH\BaseModel.php(738): CodeIgniter\Model->doInsert([...])
 7 SYSTEMPATH\Model.php(666): CodeIgniter\BaseModel->insert([...], true)
 8 APPPATH\Controllers\UserCrud.php(26): CodeIgniter\Model->insert([...])
 9 SYSTEMPATH\CodeIgniter.php(896): App\Controllers\UserCrud->store()
10 SYSTEMPATH\CodeIgniter.php(466): CodeIgniter\CodeIgniter->runController(Object(App\Controllers\UserCrud))
11 SYSTEMPATH\CodeIgniter.php(349): CodeIgniter\CodeIgniter->handleRequest(null, Object(Config\Cache), false)
12 FCPATH\index.php(55): CodeIgniter\CodeIgniter->run()
CRITICAL - 2022-07-06 08:53:28 --> Invalid file: edit_user.php
in SYSTEMPATH\Exceptions\FrameworkException.php on line 33.
 1 SYSTEMPATH\View\View.php(201): CodeIgniter\Exceptions\FrameworkException::forInvalidFile('edit_user.php')
 2 SYSTEMPATH\Common.php(1135): CodeIgniter\View\View->render('edit_user', [], true)
 3 APPPATH\Controllers\UserCrud.php(33): view('edit_user', [...])
 4 SYSTEMPATH\CodeIgniter.php(896): App\Controllers\UserCrud->singleUser('1')
 5 SYSTEMPATH\CodeIgniter.php(466): CodeIgniter\CodeIgniter->runController(Object(App\Controllers\UserCrud))
 6 SYSTEMPATH\CodeIgniter.php(349): CodeIgniter\CodeIgniter->handleRequest(null, Object(Config\Cache), false)
 7 FCPATH\index.php(55): CodeIgniter\CodeIgniter->run()
CRITICAL - 2022-07-06 08:53:44 --> Invalid file: edit_user.php
in SYSTEMPATH\Exceptions\FrameworkException.php on line 33.
 1 SYSTEMPATH\View\View.php(201): CodeIgniter\Exceptions\FrameworkException::forInvalidFile('edit_user.php')
 2 SYSTEMPATH\Common.php(1135): CodeIgniter\View\View->render('edit_user', [], true)
 3 APPPATH\Controllers\UserCrud.php(33): view('edit_user', [...])
 4 SYSTEMPATH\CodeIgniter.php(896): App\Controllers\UserCrud->singleUser('1')
 5 SYSTEMPATH\CodeIgniter.php(466): CodeIgniter\CodeIgniter->runController(Object(App\Controllers\UserCrud))
 6 SYSTEMPATH\CodeIgniter.php(349): CodeIgniter\CodeIgniter->handleRequest(null, Object(Config\Cache), false)
 7 FCPATH\index.php(55): CodeIgniter\CodeIgniter->run()
CRITICAL - 2022-07-06 08:55:10 --> Invalid file: edit_user.php
in SYSTEMPATH\Exceptions\FrameworkException.php on line 33.
 1 SYSTEMPATH\View\View.php(201): CodeIgniter\Exceptions\FrameworkException::forInvalidFile('edit_user.php')
 2 SYSTEMPATH\Common.php(1135): CodeIgniter\View\View->render('edit_user', [], true)
 3 APPPATH\Controllers\UserCrud.php(33): view('edit_user', [...])
 4 SYSTEMPATH\CodeIgniter.php(896): App\Controllers\UserCrud->singleUser('1')
 5 SYSTEMPATH\CodeIgniter.php(466): CodeIgniter\CodeIgniter->runController(Object(App\Controllers\UserCrud))
 6 SYSTEMPATH\CodeIgniter.php(349): CodeIgniter\CodeIgniter->handleRequest(null, Object(Config\Cache), false)
 7 FCPATH\index.php(55): CodeIgniter\CodeIgniter->run()
CRITICAL - 2022-07-06 08:55:17 --> Invalid file: edit_user.php
in SYSTEMPATH\Exceptions\FrameworkException.php on line 33.
 1 SYSTEMPATH\View\View.php(201): CodeIgniter\Exceptions\FrameworkException::forInvalidFile('edit_user.php')
 2 SYSTEMPATH\Common.php(1135): CodeIgniter\View\View->render('edit_user', [], true)
 3 APPPATH\Controllers\UserCrud.php(33): view('edit_user', [...])
 4 SYSTEMPATH\CodeIgniter.php(896): App\Controllers\UserCrud->singleUser('1')
 5 SYSTEMPATH\CodeIgniter.php(466): CodeIgniter\CodeIgniter->runController(Object(App\Controllers\UserCrud))
 6 SYSTEMPATH\CodeIgniter.php(349): CodeIgniter\CodeIgniter->handleRequest(null, Object(Config\Cache), false)
 7 FCPATH\index.php(55): CodeIgniter\CodeIgniter->run()
CRITICAL - 2022-07-06 09:01:03 --> Invalid file: edit_user.php
in SYSTEMPATH\Exceptions\FrameworkException.php on line 33.
 1 SYSTEMPATH\View\View.php(201): CodeIgniter\Exceptions\FrameworkException::forInvalidFile('edit_user.php')
 2 SYSTEMPATH\Common.php(1135): CodeIgniter\View\View->render('edit_user', [], true)
 3 APPPATH\Controllers\UserCrud.php(33): view('edit_user', [...])
 4 SYSTEMPATH\CodeIgniter.php(896): App\Controllers\UserCrud->singleUser('1')
 5 SYSTEMPATH\CodeIgniter.php(466): CodeIgniter\CodeIgniter->runController(Object(App\Controllers\UserCrud))
 6 SYSTEMPATH\CodeIgniter.php(349): CodeIgniter\CodeIgniter->handleRequest(null, Object(Config\Cache), false)
 7 FCPATH\index.php(55): CodeIgniter\CodeIgniter->run()
CRITICAL - 2022-07-06 09:01:09 --> Invalid file: edit_user.php
in SYSTEMPATH\Exceptions\FrameworkException.php on line 33.
 1 SYSTEMPATH\View\View.php(201): CodeIgniter\Exceptions\FrameworkException::forInvalidFile('edit_user.php')
 2 SYSTEMPATH\Common.php(1135): CodeIgniter\View\View->render('edit_user', [], true)
 3 APPPATH\Controllers\UserCrud.php(33): view('edit_user', [...])
 4 SYSTEMPATH\CodeIgniter.php(896): App\Controllers\UserCrud->singleUser('1')
 5 SYSTEMPATH\CodeIgniter.php(466): CodeIgniter\CodeIgniter->runController(Object(App\Controllers\UserCrud))
 6 SYSTEMPATH\CodeIgniter.php(349): CodeIgniter\CodeIgniter->handleRequest(null, Object(Config\Cache), false)
 7 FCPATH\index.php(55): CodeIgniter\CodeIgniter->run()
CRITICAL - 2022-07-06 09:01:59 --> Invalid file: edit-view.php
in SYSTEMPATH\Exceptions\FrameworkException.php on line 33.
 1 SYSTEMPATH\View\View.php(201): CodeIgniter\Exceptions\FrameworkException::forInvalidFile('edit-view.php')
 2 SYSTEMPATH\Common.php(1135): CodeIgniter\View\View->render('edit-view', [], true)
 3 APPPATH\Controllers\UserCrud.php(33): view('edit-view', [...])
 4 SYSTEMPATH\CodeIgniter.php(896): App\Controllers\UserCrud->singleUser('1')
 5 SYSTEMPATH\CodeIgniter.php(466): CodeIgniter\CodeIgniter->runController(Object(App\Controllers\UserCrud))
 6 SYSTEMPATH\CodeIgniter.php(349): CodeIgniter\CodeIgniter->handleRequest(null, Object(Config\Cache), false)
 7 FCPATH\index.php(55): CodeIgniter\CodeIgniter->run()
CRITICAL - 2022-07-06 09:02:36 --> Invalid file: /web/loket/public/edit-view.php
in SYSTEMPATH\Exceptions\FrameworkException.php on line 33.
 1 SYSTEMPATH\View\View.php(201): CodeIgniter\Exceptions\FrameworkException::forInvalidFile('/web/loket/public/edit-view.php')
 2 SYSTEMPATH\Common.php(1135): CodeIgniter\View\View->render('/web/loket/public/edit-view', [], true)
 3 APPPATH\Controllers\UserCrud.php(33): view('/web/loket/public/edit-view', [...])
 4 SYSTEMPATH\CodeIgniter.php(896): App\Controllers\UserCrud->singleUser('1')
 5 SYSTEMPATH\CodeIgniter.php(466): CodeIgniter\CodeIgniter->runController(Object(App\Controllers\UserCrud))
 6 SYSTEMPATH\CodeIgniter.php(349): CodeIgniter\CodeIgniter->handleRequest(null, Object(Config\Cache), false)
 7 FCPATH\index.php(55): CodeIgniter\CodeIgniter->run()
CRITICAL - 2022-07-06 09:03:02 --> Invalid file: edit-view.php
in SYSTEMPATH\Exceptions\FrameworkException.php on line 33.
 1 SYSTEMPATH\View\View.php(201): CodeIgniter\Exceptions\FrameworkException::forInvalidFile('edit-view.php')
 2 SYSTEMPATH\Common.php(1135): CodeIgniter\View\View->render('edit-view', [], true)
 3 APPPATH\Controllers\UserCrud.php(33): view('edit-view', [...])
 4 SYSTEMPATH\CodeIgniter.php(896): App\Controllers\UserCrud->singleUser('1')
 5 SYSTEMPATH\CodeIgniter.php(466): CodeIgniter\CodeIgniter->runController(Object(App\Controllers\UserCrud))
 6 SYSTEMPATH\CodeIgniter.php(349): CodeIgniter\CodeIgniter->handleRequest(null, Object(Config\Cache), false)
 7 FCPATH\index.php(55): CodeIgniter\CodeIgniter->run()
CRITICAL - 2022-07-06 09:03:16 --> Invalid file: edit-view.php
in SYSTEMPATH\Exceptions\FrameworkException.php on line 33.
 1 SYSTEMPATH\View\View.php(201): CodeIgniter\Exceptions\FrameworkException::forInvalidFile('edit-view.php')
 2 SYSTEMPATH\Common.php(1135): CodeIgniter\View\View->render('edit-view', [], true)
 3 APPPATH\Controllers\UserCrud.php(33): view('edit-view', [...])
 4 SYSTEMPATH\CodeIgniter.php(896): App\Controllers\UserCrud->singleUser('1')
 5 SYSTEMPATH\CodeIgniter.php(466): CodeIgniter\CodeIgniter->runController(Object(App\Controllers\UserCrud))
 6 SYSTEMPATH\CodeIgniter.php(349): CodeIgniter\CodeIgniter->handleRequest(null, Object(Config\Cache), false)
 7 FCPATH\index.php(55): CodeIgniter\CodeIgniter->run()
CRITICAL - 2022-07-06 09:03:17 --> Invalid file: edit-view.php
in SYSTEMPATH\Exceptions\FrameworkException.php on line 33.
 1 SYSTEMPATH\View\View.php(201): CodeIgniter\Exceptions\FrameworkException::forInvalidFile('edit-view.php')
 2 SYSTEMPATH\Common.php(1135): CodeIgniter\View\View->render('edit-view', [], true)
 3 APPPATH\Controllers\UserCrud.php(33): view('edit-view', [...])
 4 SYSTEMPATH\CodeIgniter.php(896): App\Controllers\UserCrud->singleUser('1')
 5 SYSTEMPATH\CodeIgniter.php(466): CodeIgniter\CodeIgniter->runController(Object(App\Controllers\UserCrud))
 6 SYSTEMPATH\CodeIgniter.php(349): CodeIgniter\CodeIgniter->handleRequest(null, Object(Config\Cache), false)
 7 FCPATH\index.php(55): CodeIgniter\CodeIgniter->run()
CRITICAL - 2022-07-06 09:03:17 --> Invalid file: edit-view.php
in SYSTEMPATH\Exceptions\FrameworkException.php on line 33.
 1 SYSTEMPATH\View\View.php(201): CodeIgniter\Exceptions\FrameworkException::forInvalidFile('edit-view.php')
 2 SYSTEMPATH\Common.php(1135): CodeIgniter\View\View->render('edit-view', [], true)
 3 APPPATH\Controllers\UserCrud.php(33): view('edit-view', [...])
 4 SYSTEMPATH\CodeIgniter.php(896): App\Controllers\UserCrud->singleUser('1')
 5 SYSTEMPATH\CodeIgniter.php(466): CodeIgniter\CodeIgniter->runController(Object(App\Controllers\UserCrud))
 6 SYSTEMPATH\CodeIgniter.php(349): CodeIgniter\CodeIgniter->handleRequest(null, Object(Config\Cache), false)
 7 FCPATH\index.php(55): CodeIgniter\CodeIgniter->run()
CRITICAL - 2022-07-06 09:41:15 --> Call to undefined method App\Models\UserModel::detail
in SYSTEMPATH\Model.php on line 773.
 1 APPPATH\Controllers\UserCrud.php(45): CodeIgniter\Model->__call('detail', [...])
 2 SYSTEMPATH\CodeIgniter.php(896): App\Controllers\UserCrud->detail('1')
 3 SYSTEMPATH\CodeIgniter.php(466): CodeIgniter\CodeIgniter->runController(Object(App\Controllers\UserCrud))
 4 SYSTEMPATH\CodeIgniter.php(349): CodeIgniter\CodeIgniter->handleRequest(null, Object(Config\Cache), false)
 5 FCPATH\index.php(55): CodeIgniter\CodeIgniter->run()
CRITICAL - 2022-07-06 09:41:35 --> Call to undefined method App\Models\UserModel::detail
in SYSTEMPATH\Model.php on line 773.
 1 APPPATH\Controllers\UserCrud.php(45): CodeIgniter\Model->__call('detail', [...])
 2 SYSTEMPATH\CodeIgniter.php(896): App\Controllers\UserCrud->detail(null)
 3 SYSTEMPATH\CodeIgniter.php(466): CodeIgniter\CodeIgniter->runController(Object(App\Controllers\UserCrud))
 4 SYSTEMPATH\CodeIgniter.php(349): CodeIgniter\CodeIgniter->handleRequest(null, Object(Config\Cache), false)
 5 FCPATH\index.php(55): CodeIgniter\CodeIgniter->run()
CRITICAL - 2022-07-06 09:41:36 --> Call to undefined method App\Models\UserModel::detail
in SYSTEMPATH\Model.php on line 773.
 1 APPPATH\Controllers\UserCrud.php(45): CodeIgniter\Model->__call('detail', [...])
 2 SYSTEMPATH\CodeIgniter.php(896): App\Controllers\UserCrud->detail(null)
 3 SYSTEMPATH\CodeIgniter.php(466): CodeIgniter\CodeIgniter->runController(Object(App\Controllers\UserCrud))
 4 SYSTEMPATH\CodeIgniter.php(349): CodeIgniter\CodeIgniter->handleRequest(null, Object(Config\Cache), false)
 5 FCPATH\index.php(55): CodeIgniter\CodeIgniter->run()
CRITICAL - 2022-07-06 09:41:36 --> Call to undefined method App\Models\UserModel::detail
in SYSTEMPATH\Model.php on line 773.
 1 APPPATH\Controllers\UserCrud.php(45): CodeIgniter\Model->__call('detail', [...])
 2 SYSTEMPATH\CodeIgniter.php(896): App\Controllers\UserCrud->detail(null)
 3 SYSTEMPATH\CodeIgniter.php(466): CodeIgniter\CodeIgniter->runController(Object(App\Controllers\UserCrud))
 4 SYSTEMPATH\CodeIgniter.php(349): CodeIgniter\CodeIgniter->handleRequest(null, Object(Config\Cache), false)
 5 FCPATH\index.php(55): CodeIgniter\CodeIgniter->run()
CRITICAL - 2022-07-06 09:41:37 --> Call to undefined method App\Models\UserModel::detail
in SYSTEMPATH\Model.php on line 773.
 1 APPPATH\Controllers\UserCrud.php(45): CodeIgniter\Model->__call('detail', [...])
 2 SYSTEMPATH\CodeIgniter.php(896): App\Controllers\UserCrud->detail(null)
 3 SYSTEMPATH\CodeIgniter.php(466): CodeIgniter\CodeIgniter->runController(Object(App\Controllers\UserCrud))
 4 SYSTEMPATH\CodeIgniter.php(349): CodeIgniter\CodeIgniter->handleRequest(null, Object(Config\Cache), false)
 5 FCPATH\index.php(55): CodeIgniter\CodeIgniter->run()
CRITICAL - 2022-07-06 09:42:59 --> syntax error, unexpected token "endif"
in APPPATH\Views\detail_view.php on line 26.
 1 SYSTEMPATH\View\View.php(216): CodeIgniter\View\View->CodeIgniter\View\{closure}()
 2 SYSTEMPATH\Common.php(1135): CodeIgniter\View\View->render('detail_view', [], true)
 3 APPPATH\Controllers\UserCrud.php(45): view('detail_view', [...])
 4 SYSTEMPATH\CodeIgniter.php(896): App\Controllers\UserCrud->detail(null)
 5 SYSTEMPATH\CodeIgniter.php(466): CodeIgniter\CodeIgniter->runController(Object(App\Controllers\UserCrud))
 6 SYSTEMPATH\CodeIgniter.php(349): CodeIgniter\CodeIgniter->handleRequest(null, Object(Config\Cache), false)
 7 FCPATH\index.php(55): CodeIgniter\CodeIgniter->run()
CRITICAL - 2022-07-06 09:44:46 --> syntax error, unexpected token "endif"
in APPPATH\Views\detail_view.php on line 25.
 1 SYSTEMPATH\View\View.php(216): CodeIgniter\View\View->CodeIgniter\View\{closure}()
 2 SYSTEMPATH\Common.php(1135): CodeIgniter\View\View->render('detail_view', [], true)
 3 APPPATH\Controllers\UserCrud.php(45): view('detail_view', [...])
 4 SYSTEMPATH\CodeIgniter.php(896): App\Controllers\UserCrud->detail(null)
 5 SYSTEMPATH\CodeIgniter.php(466): CodeIgniter\CodeIgniter->runController(Object(App\Controllers\UserCrud))
 6 SYSTEMPATH\CodeIgniter.php(349): CodeIgniter\CodeIgniter->handleRequest(null, Object(Config\Cache), false)
 7 FCPATH\index.php(55): CodeIgniter\CodeIgniter->run()
CRITICAL - 2022-07-06 09:44:47 --> syntax error, unexpected token "endif"
in APPPATH\Views\detail_view.php on line 25.
 1 SYSTEMPATH\View\View.php(216): CodeIgniter\View\View->CodeIgniter\View\{closure}()
 2 SYSTEMPATH\Common.php(1135): CodeIgniter\View\View->render('detail_view', [], true)
 3 APPPATH\Controllers\UserCrud.php(45): view('detail_view', [...])
 4 SYSTEMPATH\CodeIgniter.php(896): App\Controllers\UserCrud->detail(null)
 5 SYSTEMPATH\CodeIgniter.php(466): CodeIgniter\CodeIgniter->runController(Object(App\Controllers\UserCrud))
 6 SYSTEMPATH\CodeIgniter.php(349): CodeIgniter\CodeIgniter->handleRequest(null, Object(Config\Cache), false)
 7 FCPATH\index.php(55): CodeIgniter\CodeIgniter->run()
CRITICAL - 2022-07-06 09:44:47 --> syntax error, unexpected token "endif"
in APPPATH\Views\detail_view.php on line 25.
 1 SYSTEMPATH\View\View.php(216): CodeIgniter\View\View->CodeIgniter\View\{closure}()
 2 SYSTEMPATH\Common.php(1135): CodeIgniter\View\View->render('detail_view', [], true)
 3 APPPATH\Controllers\UserCrud.php(45): view('detail_view', [...])
 4 SYSTEMPATH\CodeIgniter.php(896): App\Controllers\UserCrud->detail(null)
 5 SYSTEMPATH\CodeIgniter.php(466): CodeIgniter\CodeIgniter->runController(Object(App\Controllers\UserCrud))
 6 SYSTEMPATH\CodeIgniter.php(349): CodeIgniter\CodeIgniter->handleRequest(null, Object(Config\Cache), false)
 7 FCPATH\index.php(55): CodeIgniter\CodeIgniter->run()
CRITICAL - 2022-07-06 09:45:34 --> Undefined variable $users
in APPPATH\Views\detail_view.php on line 1.
 1 APPPATH\Views\detail_view.php(1): CodeIgniter\Debug\Exceptions->errorHandler(2, 'Undefined variable $users', 'APPPATH\\Views\\detail_view.php', 1)
 2 SYSTEMPATH\View\View.php(213): include('APPPATH\\Views\\detail_view.php')
 3 SYSTEMPATH\View\View.php(216): CodeIgniter\View\View->CodeIgniter\View\{closure}()
 4 SYSTEMPATH\Common.php(1135): CodeIgniter\View\View->render('detail_view', [], true)
 5 APPPATH\Controllers\UserCrud.php(45): view('detail_view', [...])
 6 SYSTEMPATH\CodeIgniter.php(896): App\Controllers\UserCrud->detail(null)
 7 SYSTEMPATH\CodeIgniter.php(466): CodeIgniter\CodeIgniter->runController(Object(App\Controllers\UserCrud))
 8 SYSTEMPATH\CodeIgniter.php(349): CodeIgniter\CodeIgniter->handleRequest(null, Object(Config\Cache), false)
 9 FCPATH\index.php(55): CodeIgniter\CodeIgniter->run()
CRITICAL - 2022-07-06 09:45:35 --> Undefined variable $users
in APPPATH\Views\detail_view.php on line 1.
 1 APPPATH\Views\detail_view.php(1): CodeIgniter\Debug\Exceptions->errorHandler(2, 'Undefined variable $users', 'APPPATH\\Views\\detail_view.php', 1)
 2 SYSTEMPATH\View\View.php(213): include('APPPATH\\Views\\detail_view.php')
 3 SYSTEMPATH\View\View.php(216): CodeIgniter\View\View->CodeIgniter\View\{closure}()
 4 SYSTEMPATH\Common.php(1135): CodeIgniter\View\View->render('detail_view', [], true)
 5 APPPATH\Controllers\UserCrud.php(45): view('detail_view', [...])
 6 SYSTEMPATH\CodeIgniter.php(896): App\Controllers\UserCrud->detail(null)
 7 SYSTEMPATH\CodeIgniter.php(466): CodeIgniter\CodeIgniter->runController(Object(App\Controllers\UserCrud))
 8 SYSTEMPATH\CodeIgniter.php(349): CodeIgniter\CodeIgniter->handleRequest(null, Object(Config\Cache), false)
 9 FCPATH\index.php(55): CodeIgniter\CodeIgniter->run()
CRITICAL - 2022-07-06 09:45:36 --> Undefined variable $users
in APPPATH\Views\detail_view.php on line 1.
 1 APPPATH\Views\detail_view.php(1): CodeIgniter\Debug\Exceptions->errorHandler(2, 'Undefined variable $users', 'APPPATH\\Views\\detail_view.php', 1)
 2 SYSTEMPATH\View\View.php(213): include('APPPATH\\Views\\detail_view.php')
 3 SYSTEMPATH\View\View.php(216): CodeIgniter\View\View->CodeIgniter\View\{closure}()
 4 SYSTEMPATH\Common.php(1135): CodeIgniter\View\View->render('detail_view', [], true)
 5 APPPATH\Controllers\UserCrud.php(45): view('detail_view', [...])
 6 SYSTEMPATH\CodeIgniter.php(896): App\Controllers\UserCrud->detail(null)
 7 SYSTEMPATH\CodeIgniter.php(466): CodeIgniter\CodeIgniter->runController(Object(App\Controllers\UserCrud))
 8 SYSTEMPATH\CodeIgniter.php(349): CodeIgniter\CodeIgniter->handleRequest(null, Object(Config\Cache), false)
 9 FCPATH\index.php(55): CodeIgniter\CodeIgniter->run()
CRITICAL - 2022-07-06 09:48:27 --> syntax error, unexpected variable "$data"
in APPPATH\Controllers\UserCrud.php on line 41.
 1 SYSTEMPATH\Autoloader\Autoloader.php(261): CodeIgniter\Autoloader\Autoloader->includeFile('APPPATH\\Controllers\\UserCrud.php')
 2 SYSTEMPATH\Autoloader\Autoloader.php(239): CodeIgniter\Autoloader\Autoloader->loadInNamespace('App\\Controllers\\UserCrud')
 3 [internal function]: CodeIgniter\Autoloader\Autoloader->loadClass('App\\Controllers\\UserCrud')
 4 SYSTEMPATH\CodeIgniter.php(846): class_exists('\\App\\Controllers\\UserCrud', true)
 5 SYSTEMPATH\CodeIgniter.php(453): CodeIgniter\CodeIgniter->startController()
 6 SYSTEMPATH\CodeIgniter.php(349): CodeIgniter\CodeIgniter->handleRequest(null, Object(Config\Cache), false)
 7 FCPATH\index.php(55): CodeIgniter\CodeIgniter->run()
CRITICAL - 2022-07-06 09:48:40 --> Undefined variable $users
in APPPATH\Views\detail_view.php on line 1.
 1 APPPATH\Views\detail_view.php(1): CodeIgniter\Debug\Exceptions->errorHandler(2, 'Undefined variable $users', 'APPPATH\\Views\\detail_view.php', 1)
 2 SYSTEMPATH\View\View.php(213): include('APPPATH\\Views\\detail_view.php')
 3 SYSTEMPATH\View\View.php(216): CodeIgniter\View\View->CodeIgniter\View\{closure}()
 4 SYSTEMPATH\Common.php(1135): CodeIgniter\View\View->render('detail_view', [], true)
 5 APPPATH\Controllers\UserCrud.php(46): view('detail_view', [...])
 6 SYSTEMPATH\CodeIgniter.php(896): App\Controllers\UserCrud->detail(null)
 7 SYSTEMPATH\CodeIgniter.php(466): CodeIgniter\CodeIgniter->runController(Object(App\Controllers\UserCrud))
 8 SYSTEMPATH\CodeIgniter.php(349): CodeIgniter\CodeIgniter->handleRequest(null, Object(Config\Cache), false)
 9 FCPATH\index.php(55): CodeIgniter\CodeIgniter->run()
CRITICAL - 2022-07-06 09:50:26 --> Undefined variable $users
in APPPATH\Views\detail_view.php on line 1.
 1 APPPATH\Views\detail_view.php(1): CodeIgniter\Debug\Exceptions->errorHandler(2, 'Undefined variable $users', 'APPPATH\\Views\\detail_view.php', 1)
 2 SYSTEMPATH\View\View.php(213): include('APPPATH\\Views\\detail_view.php')
 3 SYSTEMPATH\View\View.php(216): CodeIgniter\View\View->CodeIgniter\View\{closure}()
 4 SYSTEMPATH\Common.php(1135): CodeIgniter\View\View->render('detail_view', [], true)
 5 APPPATH\Controllers\UserCrud.php(46): view('detail_view', [...])
 6 SYSTEMPATH\CodeIgniter.php(896): App\Controllers\UserCrud->detail(null)
 7 SYSTEMPATH\CodeIgniter.php(466): CodeIgniter\CodeIgniter->runController(Object(App\Controllers\UserCrud))
 8 SYSTEMPATH\CodeIgniter.php(349): CodeIgniter\CodeIgniter->handleRequest(null, Object(Config\Cache), false)
 9 FCPATH\index.php(55): CodeIgniter\CodeIgniter->run()
CRITICAL - 2022-07-06 09:50:27 --> Undefined variable $users
in APPPATH\Views\detail_view.php on line 1.
 1 APPPATH\Views\detail_view.php(1): CodeIgniter\Debug\Exceptions->errorHandler(2, 'Undefined variable $users', 'APPPATH\\Views\\detail_view.php', 1)
 2 SYSTEMPATH\View\View.php(213): include('APPPATH\\Views\\detail_view.php')
 3 SYSTEMPATH\View\View.php(216): CodeIgniter\View\View->CodeIgniter\View\{closure}()
 4 SYSTEMPATH\Common.php(1135): CodeIgniter\View\View->render('detail_view', [], true)
 5 APPPATH\Controllers\UserCrud.php(46): view('detail_view', [...])
 6 SYSTEMPATH\CodeIgniter.php(896): App\Controllers\UserCrud->detail(null)
 7 SYSTEMPATH\CodeIgniter.php(466): CodeIgniter\CodeIgniter->runController(Object(App\Controllers\UserCrud))
 8 SYSTEMPATH\CodeIgniter.php(349): CodeIgniter\CodeIgniter->handleRequest(null, Object(Config\Cache), false)
 9 FCPATH\index.php(55): CodeIgniter\CodeIgniter->run()
CRITICAL - 2022-07-06 09:50:28 --> Undefined variable $users
in APPPATH\Views\detail_view.php on line 1.
 1 APPPATH\Views\detail_view.php(1): CodeIgniter\Debug\Exceptions->errorHandler(2, 'Undefined variable $users', 'APPPATH\\Views\\detail_view.php', 1)
 2 SYSTEMPATH\View\View.php(213): include('APPPATH\\Views\\detail_view.php')
 3 SYSTEMPATH\View\View.php(216): CodeIgniter\View\View->CodeIgniter\View\{closure}()
 4 SYSTEMPATH\Common.php(1135): CodeIgniter\View\View->render('detail_view', [], true)
 5 APPPATH\Controllers\UserCrud.php(46): view('detail_view', [...])
 6 SYSTEMPATH\CodeIgniter.php(896): App\Controllers\UserCrud->detail(null)
 7 SYSTEMPATH\CodeIgniter.php(466): CodeIgniter\CodeIgniter->runController(Object(App\Controllers\UserCrud))
 8 SYSTEMPATH\CodeIgniter.php(349): CodeIgniter\CodeIgniter->handleRequest(null, Object(Config\Cache), false)
 9 FCPATH\index.php(55): CodeIgniter\CodeIgniter->run()
CRITICAL - 2022-07-06 09:50:28 --> Undefined variable $users
in APPPATH\Views\detail_view.php on line 1.
 1 APPPATH\Views\detail_view.php(1): CodeIgniter\Debug\Exceptions->errorHandler(2, 'Undefined variable $users', 'APPPATH\\Views\\detail_view.php', 1)
 2 SYSTEMPATH\View\View.php(213): include('APPPATH\\Views\\detail_view.php')
 3 SYSTEMPATH\View\View.php(216): CodeIgniter\View\View->CodeIgniter\View\{closure}()
 4 SYSTEMPATH\Common.php(1135): CodeIgniter\View\View->render('detail_view', [], true)
 5 APPPATH\Controllers\UserCrud.php(46): view('detail_view', [...])
 6 SYSTEMPATH\CodeIgniter.php(896): App\Controllers\UserCrud->detail(null)
 7 SYSTEMPATH\CodeIgniter.php(466): CodeIgniter\CodeIgniter->runController(Object(App\Controllers\UserCrud))
 8 SYSTEMPATH\CodeIgniter.php(349): CodeIgniter\CodeIgniter->handleRequest(null, Object(Config\Cache), false)
 9 FCPATH\index.php(55): CodeIgniter\CodeIgniter->run()
CRITICAL - 2022-07-06 09:50:35 --> Undefined variable $users
in APPPATH\Views\detail_view.php on line 1.
 1 APPPATH\Views\detail_view.php(1): CodeIgniter\Debug\Exceptions->errorHandler(2, 'Undefined variable $users', 'APPPATH\\Views\\detail_view.php', 1)
 2 SYSTEMPATH\View\View.php(213): include('APPPATH\\Views\\detail_view.php')
 3 SYSTEMPATH\View\View.php(216): CodeIgniter\View\View->CodeIgniter\View\{closure}()
 4 SYSTEMPATH\Common.php(1135): CodeIgniter\View\View->render('detail_view', [], true)
 5 APPPATH\Controllers\UserCrud.php(46): view('detail_view', [...])
 6 SYSTEMPATH\CodeIgniter.php(896): App\Controllers\UserCrud->detail(null)
 7 SYSTEMPATH\CodeIgniter.php(466): CodeIgniter\CodeIgniter->runController(Object(App\Controllers\UserCrud))
 8 SYSTEMPATH\CodeIgniter.php(349): CodeIgniter\CodeIgniter->handleRequest(null, Object(Config\Cache), false)
 9 FCPATH\index.php(55): CodeIgniter\CodeIgniter->run()
CRITICAL - 2022-07-06 09:50:51 --> Undefined variable $users
in APPPATH\Views\detail_view.php on line 1.
 1 APPPATH\Views\detail_view.php(1): CodeIgniter\Debug\Exceptions->errorHandler(2, 'Undefined variable $users', 'APPPATH\\Views\\detail_view.php', 1)
 2 SYSTEMPATH\View\View.php(213): include('APPPATH\\Views\\detail_view.php')
 3 SYSTEMPATH\View\View.php(216): CodeIgniter\View\View->CodeIgniter\View\{closure}()
 4 SYSTEMPATH\Common.php(1135): CodeIgniter\View\View->render('detail_view', [], true)
 5 APPPATH\Controllers\UserCrud.php(46): view('detail_view', [...])
 6 SYSTEMPATH\CodeIgniter.php(896): App\Controllers\UserCrud->detail(null)
 7 SYSTEMPATH\CodeIgniter.php(466): CodeIgniter\CodeIgniter->runController(Object(App\Controllers\UserCrud))
 8 SYSTEMPATH\CodeIgniter.php(349): CodeIgniter\CodeIgniter->handleRequest(null, Object(Config\Cache), false)
 9 FCPATH\index.php(55): CodeIgniter\CodeIgniter->run()
CRITICAL - 2022-07-06 09:50:52 --> Undefined variable $users
in APPPATH\Views\detail_view.php on line 1.
 1 APPPATH\Views\detail_view.php(1): CodeIgniter\Debug\Exceptions->errorHandler(2, 'Undefined variable $users', 'APPPATH\\Views\\detail_view.php', 1)
 2 SYSTEMPATH\View\View.php(213): include('APPPATH\\Views\\detail_view.php')
 3 SYSTEMPATH\View\View.php(216): CodeIgniter\View\View->CodeIgniter\View\{closure}()
 4 SYSTEMPATH\Common.php(1135): CodeIgniter\View\View->render('detail_view', [], true)
 5 APPPATH\Controllers\UserCrud.php(46): view('detail_view', [...])
 6 SYSTEMPATH\CodeIgniter.php(896): App\Controllers\UserCrud->detail(null)
 7 SYSTEMPATH\CodeIgniter.php(466): CodeIgniter\CodeIgniter->runController(Object(App\Controllers\UserCrud))
 8 SYSTEMPATH\CodeIgniter.php(349): CodeIgniter\CodeIgniter->handleRequest(null, Object(Config\Cache), false)
 9 FCPATH\index.php(55): CodeIgniter\CodeIgniter->run()
CRITICAL - 2022-07-06 09:52:09 --> Undefined variable $users
in APPPATH\Views\detail_view.php on line 1.
 1 APPPATH\Views\detail_view.php(1): CodeIgniter\Debug\Exceptions->errorHandler(2, 'Undefined variable $users', 'APPPATH\\Views\\detail_view.php', 1)
 2 SYSTEMPATH\View\View.php(213): include('APPPATH\\Views\\detail_view.php')
 3 SYSTEMPATH\View\View.php(216): CodeIgniter\View\View->CodeIgniter\View\{closure}()
 4 SYSTEMPATH\Common.php(1135): CodeIgniter\View\View->render('detail_view', [], true)
 5 APPPATH\Controllers\UserCrud.php(45): view('detail_view', [...])
 6 SYSTEMPATH\CodeIgniter.php(896): App\Controllers\UserCrud->detail(null)
 7 SYSTEMPATH\CodeIgniter.php(466): CodeIgniter\CodeIgniter->runController(Object(App\Controllers\UserCrud))
 8 SYSTEMPATH\CodeIgniter.php(349): CodeIgniter\CodeIgniter->handleRequest(null, Object(Config\Cache), false)
 9 FCPATH\index.php(55): CodeIgniter\CodeIgniter->run()
CRITICAL - 2022-07-06 09:54:29 --> compact(): Undefined variable $users
in APPPATH\Controllers\UserCrud.php on line 45.
 1 [internal function]: CodeIgniter\Debug\Exceptions->errorHandler(2, 'compact(): Undefined variable $users', 'APPPATH\\Controllers\\UserCrud.php', 45)
 2 APPPATH\Controllers\UserCrud.php(45): compact('users')
 3 SYSTEMPATH\CodeIgniter.php(896): App\Controllers\UserCrud->detail(null)
 4 SYSTEMPATH\CodeIgniter.php(466): CodeIgniter\CodeIgniter->runController(Object(App\Controllers\UserCrud))
 5 SYSTEMPATH\CodeIgniter.php(349): CodeIgniter\CodeIgniter->handleRequest(null, Object(Config\Cache), false)
 6 FCPATH\index.php(55): CodeIgniter\CodeIgniter->run()
CRITICAL - 2022-07-06 09:55:29 --> compact(): Undefined variable $users
in APPPATH\Controllers\UserCrud.php on line 46.
 1 [internal function]: CodeIgniter\Debug\Exceptions->errorHandler(2, 'compact(): Undefined variable $users', 'APPPATH\\Controllers\\UserCrud.php', 46)
 2 APPPATH\Controllers\UserCrud.php(46): compact('users')
 3 SYSTEMPATH\CodeIgniter.php(896): App\Controllers\UserCrud->detail(null)
 4 SYSTEMPATH\CodeIgniter.php(466): CodeIgniter\CodeIgniter->runController(Object(App\Controllers\UserCrud))
 5 SYSTEMPATH\CodeIgniter.php(349): CodeIgniter\CodeIgniter->handleRequest(null, Object(Config\Cache), false)
 6 FCPATH\index.php(55): CodeIgniter\CodeIgniter->run()
CRITICAL - 2022-07-06 09:56:16 --> compact(): Undefined variable $users
in APPPATH\Controllers\UserCrud.php on line 46.
 1 [internal function]: CodeIgniter\Debug\Exceptions->errorHandler(2, 'compact(): Undefined variable $users', 'APPPATH\\Controllers\\UserCrud.php', 46)
 2 APPPATH\Controllers\UserCrud.php(46): compact('users')
 3 SYSTEMPATH\CodeIgniter.php(896): App\Controllers\UserCrud->detail(null)
 4 SYSTEMPATH\CodeIgniter.php(466): CodeIgniter\CodeIgniter->runController(Object(App\Controllers\UserCrud))
 5 SYSTEMPATH\CodeIgniter.php(349): CodeIgniter\CodeIgniter->handleRequest(null, Object(Config\Cache), false)
 6 FCPATH\index.php(55): CodeIgniter\CodeIgniter->run()
CRITICAL - 2022-07-06 09:56:17 --> compact(): Undefined variable $users
in APPPATH\Controllers\UserCrud.php on line 46.
 1 [internal function]: CodeIgniter\Debug\Exceptions->errorHandler(2, 'compact(): Undefined variable $users', 'APPPATH\\Controllers\\UserCrud.php', 46)
 2 APPPATH\Controllers\UserCrud.php(46): compact('users')
 3 SYSTEMPATH\CodeIgniter.php(896): App\Controllers\UserCrud->detail(null)
 4 SYSTEMPATH\CodeIgniter.php(466): CodeIgniter\CodeIgniter->runController(Object(App\Controllers\UserCrud))
 5 SYSTEMPATH\CodeIgniter.php(349): CodeIgniter\CodeIgniter->handleRequest(null, Object(Config\Cache), false)
 6 FCPATH\index.php(55): CodeIgniter\CodeIgniter->run()
CRITICAL - 2022-07-06 09:56:18 --> compact(): Undefined variable $users
in APPPATH\Controllers\UserCrud.php on line 46.
 1 [internal function]: CodeIgniter\Debug\Exceptions->errorHandler(2, 'compact(): Undefined variable $users', 'APPPATH\\Controllers\\UserCrud.php', 46)
 2 APPPATH\Controllers\UserCrud.php(46): compact('users')
 3 SYSTEMPATH\CodeIgniter.php(896): App\Controllers\UserCrud->detail(null)
 4 SYSTEMPATH\CodeIgniter.php(466): CodeIgniter\CodeIgniter->runController(Object(App\Controllers\UserCrud))
 5 SYSTEMPATH\CodeIgniter.php(349): CodeIgniter\CodeIgniter->handleRequest(null, Object(Config\Cache), false)
 6 FCPATH\index.php(55): CodeIgniter\CodeIgniter->run()
CRITICAL - 2022-07-06 09:56:36 --> compact(): Undefined variable $users
in APPPATH\Controllers\UserCrud.php on line 46.
 1 [internal function]: CodeIgniter\Debug\Exceptions->errorHandler(2, 'compact(): Undefined variable $users', 'APPPATH\\Controllers\\UserCrud.php', 46)
 2 APPPATH\Controllers\UserCrud.php(46): compact('users')
 3 SYSTEMPATH\CodeIgniter.php(896): App\Controllers\UserCrud->detail(null)
 4 SYSTEMPATH\CodeIgniter.php(466): CodeIgniter\CodeIgniter->runController(Object(App\Controllers\UserCrud))
 5 SYSTEMPATH\CodeIgniter.php(349): CodeIgniter\CodeIgniter->handleRequest(null, Object(Config\Cache), false)
 6 FCPATH\index.php(55): CodeIgniter\CodeIgniter->run()
CRITICAL - 2022-07-06 09:56:46 --> Undefined variable $data
in APPPATH\Views\detail_view.php on line 8.
 1 APPPATH\Views\detail_view.php(8): CodeIgniter\Debug\Exceptions->errorHandler(2, 'Undefined variable $data', 'APPPATH\\Views\\detail_view.php', 8)
 2 SYSTEMPATH\View\View.php(213): include('APPPATH\\Views\\detail_view.php')
 3 SYSTEMPATH\View\View.php(216): CodeIgniter\View\View->CodeIgniter\View\{closure}()
 4 SYSTEMPATH\Common.php(1135): CodeIgniter\View\View->render('detail_view', [], true)
 5 APPPATH\Controllers\UserCrud.php(45): view('detail_view', [...])
 6 SYSTEMPATH\CodeIgniter.php(896): App\Controllers\UserCrud->detail(null)
 7 SYSTEMPATH\CodeIgniter.php(466): CodeIgniter\CodeIgniter->runController(Object(App\Controllers\UserCrud))
 8 SYSTEMPATH\CodeIgniter.php(349): CodeIgniter\CodeIgniter->handleRequest(null, Object(Config\Cache), false)
 9 FCPATH\index.php(55): CodeIgniter\CodeIgniter->run()
CRITICAL - 2022-07-06 09:58:01 --> Undefined variable $data
in APPPATH\Views\detail_view.php on line 8.
 1 APPPATH\Views\detail_view.php(8): CodeIgniter\Debug\Exceptions->errorHandler(2, 'Undefined variable $data', 'APPPATH\\Views\\detail_view.php', 8)
 2 SYSTEMPATH\View\View.php(213): include('APPPATH\\Views\\detail_view.php')
 3 SYSTEMPATH\View\View.php(216): CodeIgniter\View\View->CodeIgniter\View\{closure}()
 4 SYSTEMPATH\Common.php(1135): CodeIgniter\View\View->render('detail_view', [], true)
 5 APPPATH\Controllers\UserCrud.php(40): view('detail_view', [...])
 6 SYSTEMPATH\CodeIgniter.php(896): App\Controllers\UserCrud->detail('1')
 7 SYSTEMPATH\CodeIgniter.php(466): CodeIgniter\CodeIgniter->runController(Object(App\Controllers\UserCrud))
 8 SYSTEMPATH\CodeIgniter.php(349): CodeIgniter\CodeIgniter->handleRequest(null, Object(Config\Cache), false)
 9 FCPATH\index.php(55): CodeIgniter\CodeIgniter->run()
CRITICAL - 2022-07-06 09:59:05 --> Undefined variable $users
in APPPATH\Views\detail_view.php on line 1.
 1 APPPATH\Views\detail_view.php(1): CodeIgniter\Debug\Exceptions->errorHandler(2, 'Undefined variable $users', 'APPPATH\\Views\\detail_view.php', 1)
 2 SYSTEMPATH\View\View.php(213): include('APPPATH\\Views\\detail_view.php')
 3 SYSTEMPATH\View\View.php(216): CodeIgniter\View\View->CodeIgniter\View\{closure}()
 4 SYSTEMPATH\Common.php(1135): CodeIgniter\View\View->render('detail_view', [], true)
 5 APPPATH\Controllers\UserCrud.php(40): view('detail_view', [...])
 6 SYSTEMPATH\CodeIgniter.php(896): App\Controllers\UserCrud->detail('1')
 7 SYSTEMPATH\CodeIgniter.php(466): CodeIgniter\CodeIgniter->runController(Object(App\Controllers\UserCrud))
 8 SYSTEMPATH\CodeIgniter.php(349): CodeIgniter\CodeIgniter->handleRequest(null, Object(Config\Cache), false)
 9 FCPATH\index.php(55): CodeIgniter\CodeIgniter->run()
CRITICAL - 2022-07-06 09:59:15 --> Undefined variable $users
in APPPATH\Views\detail_view.php on line 1.
 1 APPPATH\Views\detail_view.php(1): CodeIgniter\Debug\Exceptions->errorHandler(2, 'Undefined variable $users', 'APPPATH\\Views\\detail_view.php', 1)
 2 SYSTEMPATH\View\View.php(213): include('APPPATH\\Views\\detail_view.php')
 3 SYSTEMPATH\View\View.php(216): CodeIgniter\View\View->CodeIgniter\View\{closure}()
 4 SYSTEMPATH\Common.php(1135): CodeIgniter\View\View->render('detail_view', [], true)
 5 APPPATH\Controllers\UserCrud.php(40): view('detail_view', [...])
 6 SYSTEMPATH\CodeIgniter.php(896): App\Controllers\UserCrud->detail('1')
 7 SYSTEMPATH\CodeIgniter.php(466): CodeIgniter\CodeIgniter->runController(Object(App\Controllers\UserCrud))
 8 SYSTEMPATH\CodeIgniter.php(349): CodeIgniter\CodeIgniter->handleRequest(null, Object(Config\Cache), false)
 9 FCPATH\index.php(55): CodeIgniter\CodeIgniter->run()
CRITICAL - 2022-07-06 09:59:24 --> Cannot access offset of type string on string
in APPPATH\Views\detail_view.php on line 9.
 1 SYSTEMPATH\View\View.php(213): include()
 2 SYSTEMPATH\View\View.php(216): CodeIgniter\View\View->CodeIgniter\View\{closure}()
 3 SYSTEMPATH\Common.php(1135): CodeIgniter\View\View->render('detail_view', [], true)
 4 APPPATH\Controllers\UserCrud.php(40): view('detail_view', [...])
 5 SYSTEMPATH\CodeIgniter.php(896): App\Controllers\UserCrud->detail('1')
 6 SYSTEMPATH\CodeIgniter.php(466): CodeIgniter\CodeIgniter->runController(Object(App\Controllers\UserCrud))
 7 SYSTEMPATH\CodeIgniter.php(349): CodeIgniter\CodeIgniter->handleRequest(null, Object(Config\Cache), false)
 8 FCPATH\index.php(55): CodeIgniter\CodeIgniter->run()
CRITICAL - 2022-07-06 10:00:14 --> syntax error, unexpected token "=>", expecting "]"
in APPPATH\Controllers\UserCrud.php on line 40.
 1 SYSTEMPATH\Autoloader\Autoloader.php(261): CodeIgniter\Autoloader\Autoloader->includeFile('APPPATH\\Controllers\\UserCrud.php')
 2 SYSTEMPATH\Autoloader\Autoloader.php(239): CodeIgniter\Autoloader\Autoloader->loadInNamespace('App\\Controllers\\UserCrud')
 3 [internal function]: CodeIgniter\Autoloader\Autoloader->loadClass('App\\Controllers\\UserCrud')
 4 SYSTEMPATH\CodeIgniter.php(846): class_exists('\\App\\Controllers\\UserCrud', true)
 5 SYSTEMPATH\CodeIgniter.php(453): CodeIgniter\CodeIgniter->startController()
 6 SYSTEMPATH\CodeIgniter.php(349): CodeIgniter\CodeIgniter->handleRequest(null, Object(Config\Cache), false)
 7 FCPATH\index.php(55): CodeIgniter\CodeIgniter->run()
CRITICAL - 2022-07-06 10:00:31 --> Undefined variable $users
in APPPATH\Views\detail_view.php on line 1.
 1 APPPATH\Views\detail_view.php(1): CodeIgniter\Debug\Exceptions->errorHandler(2, 'Undefined variable $users', 'APPPATH\\Views\\detail_view.php', 1)
 2 SYSTEMPATH\View\View.php(213): include('APPPATH\\Views\\detail_view.php')
 3 SYSTEMPATH\View\View.php(216): CodeIgniter\View\View->CodeIgniter\View\{closure}()
 4 SYSTEMPATH\Common.php(1135): CodeIgniter\View\View->render('detail_view', [], true)
 5 APPPATH\Controllers\UserCrud.php(44): view('detail_view', [...])
 6 SYSTEMPATH\CodeIgniter.php(896): App\Controllers\UserCrud->detail('1')
 7 SYSTEMPATH\CodeIgniter.php(466): CodeIgniter\CodeIgniter->runController(Object(App\Controllers\UserCrud))
 8 SYSTEMPATH\CodeIgniter.php(349): CodeIgniter\CodeIgniter->handleRequest(null, Object(Config\Cache), false)
 9 FCPATH\index.php(55): CodeIgniter\CodeIgniter->run()
CRITICAL - 2022-07-06 10:00:45 --> Trying to access array offset on value of type null
in APPPATH\Views\detail_view.php on line 9.
 1 APPPATH\Views\detail_view.php(9): CodeIgniter\Debug\Exceptions->errorHandler(2, 'Trying to access array offset on value of type null', 'APPPATH\\Views\\detail_view.php', 9)
 2 SYSTEMPATH\View\View.php(213): include('APPPATH\\Views\\detail_view.php')
 3 SYSTEMPATH\View\View.php(216): CodeIgniter\View\View->CodeIgniter\View\{closure}()
 4 SYSTEMPATH\Common.php(1135): CodeIgniter\View\View->render('detail_view', [], true)
 5 APPPATH\Controllers\UserCrud.php(44): view('detail_view', [...])
 6 SYSTEMPATH\CodeIgniter.php(896): App\Controllers\UserCrud->detail('1')
 7 SYSTEMPATH\CodeIgniter.php(466): CodeIgniter\CodeIgniter->runController(Object(App\Controllers\UserCrud))
 8 SYSTEMPATH\CodeIgniter.php(349): CodeIgniter\CodeIgniter->handleRequest(null, Object(Config\Cache), false)
 9 FCPATH\index.php(55): CodeIgniter\CodeIgniter->run()
CRITICAL - 2022-07-06 10:00:46 --> Trying to access array offset on value of type null
in APPPATH\Views\detail_view.php on line 9.
 1 APPPATH\Views\detail_view.php(9): CodeIgniter\Debug\Exceptions->errorHandler(2, 'Trying to access array offset on value of type null', 'APPPATH\\Views\\detail_view.php', 9)
 2 SYSTEMPATH\View\View.php(213): include('APPPATH\\Views\\detail_view.php')
 3 SYSTEMPATH\View\View.php(216): CodeIgniter\View\View->CodeIgniter\View\{closure}()
 4 SYSTEMPATH\Common.php(1135): CodeIgniter\View\View->render('detail_view', [], true)
 5 APPPATH\Controllers\UserCrud.php(44): view('detail_view', [...])
 6 SYSTEMPATH\CodeIgniter.php(896): App\Controllers\UserCrud->detail('1')
 7 SYSTEMPATH\CodeIgniter.php(466): CodeIgniter\CodeIgniter->runController(Object(App\Controllers\UserCrud))
 8 SYSTEMPATH\CodeIgniter.php(349): CodeIgniter\CodeIgniter->handleRequest(null, Object(Config\Cache), false)
 9 FCPATH\index.php(55): CodeIgniter\CodeIgniter->run()
CRITICAL - 2022-07-06 10:00:57 --> Undefined variable $data
in APPPATH\Controllers\UserCrud.php on line 44.
 1 APPPATH\Controllers\UserCrud.php(44): CodeIgniter\Debug\Exceptions->errorHandler(2, 'Undefined variable $data', 'APPPATH\\Controllers\\UserCrud.php', 44)
 2 SYSTEMPATH\CodeIgniter.php(896): App\Controllers\UserCrud->detail('1')
 3 SYSTEMPATH\CodeIgniter.php(466): CodeIgniter\CodeIgniter->runController(Object(App\Controllers\UserCrud))
 4 SYSTEMPATH\CodeIgniter.php(349): CodeIgniter\CodeIgniter->handleRequest(null, Object(Config\Cache), false)
 5 FCPATH\index.php(55): CodeIgniter\CodeIgniter->run()
CRITICAL - 2022-07-06 10:01:06 --> Undefined variable $users
in APPPATH\Views\detail_view.php on line 1.
 1 APPPATH\Views\detail_view.php(1): CodeIgniter\Debug\Exceptions->errorHandler(2, 'Undefined variable $users', 'APPPATH\\Views\\detail_view.php', 1)
 2 SYSTEMPATH\View\View.php(213): include('APPPATH\\Views\\detail_view.php')
 3 SYSTEMPATH\View\View.php(216): CodeIgniter\View\View->CodeIgniter\View\{closure}()
 4 SYSTEMPATH\Common.php(1135): CodeIgniter\View\View->render('detail_view', [], true)
 5 APPPATH\Controllers\UserCrud.php(44): view('detail_view', [...])
 6 SYSTEMPATH\CodeIgniter.php(896): App\Controllers\UserCrud->detail('1')
 7 SYSTEMPATH\CodeIgniter.php(466): CodeIgniter\CodeIgniter->runController(Object(App\Controllers\UserCrud))
 8 SYSTEMPATH\CodeIgniter.php(349): CodeIgniter\CodeIgniter->handleRequest(null, Object(Config\Cache), false)
 9 FCPATH\index.php(55): CodeIgniter\CodeIgniter->run()
CRITICAL - 2022-07-06 10:02:23 --> Undefined variable $users
in APPPATH\Controllers\UserCrud.php on line 40.
 1 APPPATH\Controllers\UserCrud.php(40): CodeIgniter\Debug\Exceptions->errorHandler(2, 'Undefined variable $users', 'APPPATH\\Controllers\\UserCrud.php', 40)
 2 SYSTEMPATH\CodeIgniter.php(896): App\Controllers\UserCrud->detail('1')
 3 SYSTEMPATH\CodeIgniter.php(466): CodeIgniter\CodeIgniter->runController(Object(App\Controllers\UserCrud))
 4 SYSTEMPATH\CodeIgniter.php(349): CodeIgniter\CodeIgniter->handleRequest(null, Object(Config\Cache), false)
 5 FCPATH\index.php(55): CodeIgniter\CodeIgniter->run()
CRITICAL - 2022-07-06 10:09:14 --> Undefined variable $user
in APPPATH\Views\detail_view.php on line 25.
 1 APPPATH\Views\detail_view.php(25): CodeIgniter\Debug\Exceptions->errorHandler(2, 'Undefined variable $user', 'APPPATH\\Views\\detail_view.php', 25)
 2 SYSTEMPATH\View\View.php(213): include('APPPATH\\Views\\detail_view.php')
 3 SYSTEMPATH\View\View.php(216): CodeIgniter\View\View->CodeIgniter\View\{closure}()
 4 SYSTEMPATH\Common.php(1135): CodeIgniter\View\View->render('detail_view', [], true)
 5 APPPATH\Controllers\UserCrud.php(40): view('detail_view', [...])
 6 SYSTEMPATH\CodeIgniter.php(896): App\Controllers\UserCrud->detail('1')
 7 SYSTEMPATH\CodeIgniter.php(466): CodeIgniter\CodeIgniter->runController(Object(App\Controllers\UserCrud))
 8 SYSTEMPATH\CodeIgniter.php(349): CodeIgniter\CodeIgniter->handleRequest(null, Object(Config\Cache), false)
 9 FCPATH\index.php(55): CodeIgniter\CodeIgniter->run()
